android/app/build/intermediates/manifest_merge_blame_file/debug/manifest-merger-blame-debug-report.txt
1<?xml version="1.0" encoding="utf-8"?>
2<manifest xmlns:android="http://schemas.android.com/apk/res/android"
3    package="com.example.alert_system"
4    android:versionCode="1"
5    android:versionName="1.0.0" >
6
7    <uses-sdk
8        android:minSdkVersion="23"
9        android:targetSdkVersion="35" />
10    <!--
11         The INTERNET permission is required for development. Specifically,
12         the Flutter tool needs it to communicate with the running application
13         to allow setting breakpoints, to provide hot reload, etc.
14    -->
15    <uses-permission android:name="android.permission.INTERNET" />
15-->src\debug\AndroidManifest.xml:6:5-66
15-->src\debug\AndroidManifest.xml:6:22-64
16    <uses-permission android:name="android.permission.ACCESS_FINE_LOCATION" />
16-->src\main\AndroidManifest.xml:3:5-78
16-->src\main\AndroidManifest.xml:3:22-76
17    <uses-permission android:name="android.permission.ACCESS_COARSE_LOCATION" />
17-->src\main\AndroidManifest.xml:4:5-80
17-->src\main\AndroidManifest.xml:4:22-78
18    <uses-permission android:name="android.permission.READ_CONTACTS" />
18-->src\main\AndroidManifest.xml:5:5-71
18-->src\main\AndroidManifest.xml:5:22-69
19    <uses-permission android:name="android.permission.WRITE_CONTACTS" />
19-->src\main\AndroidManifest.xml:6:5-72
19-->src\main\AndroidManifest.xml:6:22-70
20    <uses-permission android:name="android.permission.SEND_SMS" />
20-->src\main\AndroidManifest.xml:7:5-67
20-->src\main\AndroidManifest.xml:7:22-64
21    <!--
22 Required to query activities that can process text, see:
23         https://developer.android.com/training/package-visibility and
24         https://developer.android.com/reference/android/content/Intent#ACTION_PROCESS_TEXT.
25             In particular, this is used by the Flutter engine in io.flutter.plugin.text.ProcessTextPlugin.
26    -->
27    <queries>
27-->src\main\AndroidManifest.xml:44:5-49:15
28        <intent>
28-->src\main\AndroidManifest.xml:45:5-48:14
29            <action android:name="android.intent.action.PROCESS_TEXT" />
29-->src\main\AndroidManifest.xml:46:9-68
29-->src\main\AndroidManifest.xml:46:17-66
30
31            <data android:mimeType="text/plain" />
31-->src\main\AndroidManifest.xml:47:9-46
31-->src\main\AndroidManifest.xml:47:15-44
32        </intent>
33    </queries>
34
35    <uses-permission android:name="android.permission.WAKE_LOCK" />
35-->[:firebase_messaging] AndroidManifest.xml:8:5-68
35-->[:firebase_messaging] AndroidManifest.xml:8:22-65
36    <uses-permission android:name="android.permission.ACCESS_NETWORK_STATE" /> <!-- Permissions options for the `notification` group -->
36-->[:firebase_messaging] AndroidManifest.xml:9:5-79
36-->[:firebase_messaging] AndroidManifest.xml:9:22-76
37    <uses-permission android:name="android.permission.POST_NOTIFICATIONS" /> <!-- Required by older versions of Google Play services to create IID tokens -->
37-->[:firebase_messaging] AndroidManifest.xml:11:5-77
37-->[:firebase_messaging] AndroidManifest.xml:11:22-74
38    <uses-permission android:name="com.google.android.c2dm.permission.RECEIVE" />
38-->[com.google.firebase:firebase-messaging:24.1.0] AndroidManifest.xml:26:5-82
38-->[com.google.firebase:firebase-messaging:24.1.0] AndroidManifest.xml:26:22-79
39    <uses-permission android:name="com.google.android.gms.permission.AD_ID" />
39-->[com.google.android.gms:play-services-measurement-api:22.2.0] AndroidManifest.xml:25:5-79
39-->[com.google.android.gms:play-services-measurement-api:22.2.0] AndroidManifest.xml:25:22-76
40    <uses-permission android:name="android.permission.ACCESS_ADSERVICES_ATTRIBUTION" />
40-->[com.google.android.gms:play-services-measurement-api:22.2.0] AndroidManifest.xml:26:5-88
40-->[com.google.android.gms:play-services-measurement-api:22.2.0] AndroidManifest.xml:26:22-85
41    <uses-permission android:name="android.permission.ACCESS_ADSERVICES_AD_ID" />
41-->[com.google.android.gms:play-services-measurement-api:22.2.0] AndroidManifest.xml:27:5-82
41-->[com.google.android.gms:play-services-measurement-api:22.2.0] AndroidManifest.xml:27:22-79
42    <uses-permission android:name="com.google.android.finsky.permission.BIND_GET_INSTALL_REFERRER_SERVICE" />
42-->[com.google.android.gms:play-services-measurement:22.2.0] AndroidManifest.xml:26:5-110
42-->[com.google.android.gms:play-services-measurement:22.2.0] AndroidManifest.xml:26:22-107
43    <uses-permission android:name="com.google.android.providers.gsf.permission.READ_GSERVICES" />
43-->[com.google.android.recaptcha:recaptcha:18.5.1] AndroidManifest.xml:9:5-98
43-->[com.google.android.recaptcha:recaptcha:18.5.1] AndroidManifest.xml:9:22-95
44
45    <permission
45-->[androidx.core:core:1.13.1] AndroidManifest.xml:22:5-24:47
46        android:name="com.example.alert_system.DYNAMIC_RECEIVER_NOT_EXPORTED_PERMISSION"
46-->[androidx.core:core:1.13.1] AndroidManifest.xml:23:9-81
47        android:protectionLevel="signature" />
47-->[androidx.core:core:1.13.1] AndroidManifest.xml:24:9-44
48
49    <uses-permission android:name="com.example.alert_system.DYNAMIC_RECEIVER_NOT_EXPORTED_PERMISSION" />
49-->[androidx.core:core:1.13.1] AndroidManifest.xml:26:5-97
49-->[androidx.core:core:1.13.1] AndroidManifest.xml:26:22-94
50
51    <application
51-->src\main\AndroidManifest.xml:9:5-38:19
52        android:name="android.app.Application"
52-->src\main\AndroidManifest.xml:11:9-47
53        android:appComponentFactory="androidx.core.app.CoreComponentFactory"
53-->[androidx.core:core:1.13.1] AndroidManifest.xml:28:18-86
54        android:debuggable="true"
55        android:extractNativeLibs="false"
56        android:icon="@mipmap/ic_launcher"
56-->src\main\AndroidManifest.xml:12:9-43
57        android:label="alert_system" >
57-->src\main\AndroidManifest.xml:10:9-37
58        <activity
58-->src\main\AndroidManifest.xml:13:5-31:16
59            android:name="com.example.alert_system.MainActivity"
59-->src\main\AndroidManifest.xml:14:9-37
60            android:configChanges="orientation|keyboardHidden|keyboard|screenSize|smallestScreenSize|locale|layoutDirection|fontScale|screenLayout|density|uiMode"
60-->src\main\AndroidManifest.xml:19:9-159
61            android:exported="true"
61-->src\main\AndroidManifest.xml:15:9-32
62            android:hardwareAccelerated="true"
62-->src\main\AndroidManifest.xml:20:9-43
63            android:launchMode="singleTop"
63-->src\main\AndroidManifest.xml:16:9-39
64            android:taskAffinity=""
64-->src\main\AndroidManifest.xml:17:9-32
65            android:theme="@style/LaunchTheme"
65-->src\main\AndroidManifest.xml:18:9-43
66            android:windowSoftInputMode="adjustResize" >
66-->src\main\AndroidManifest.xml:21:9-51
67            <meta-data
67-->src\main\AndroidManifest.xml:23:9-26:15
68                android:name="io.flutter.embedding.android.NormalTheme"
68-->src\main\AndroidManifest.xml:24:13-68
69                android:resource="@style/NormalTheme" />
69-->src\main\AndroidManifest.xml:25:13-50
70
71            <intent-filter>
71-->src\main\AndroidManifest.xml:27:9-30:25
72                <action android:name="android.intent.action.MAIN" />
72-->src\main\AndroidManifest.xml:28:13-64
72-->src\main\AndroidManifest.xml:28:21-62
73
74                <category android:name="android.intent.category.LAUNCHER" />
74-->src\main\AndroidManifest.xml:29:13-72
74-->src\main\AndroidManifest.xml:29:23-70
75            </intent-filter>
76        </activity>
77
78        <!--
79         Don't delete the meta-data below.
80         This is used by the Flutter tool to generate GeneratedPluginRegistrant.java
81        -->
82        <meta-data
82-->src\main\AndroidManifest.xml:35:5-37:29
83            android:name="flutterEmbedding"
83-->src\main\AndroidManifest.xml:36:9-40
84            android:value="2" />
84-->src\main\AndroidManifest.xml:37:9-26
85
86        <service
86-->[:cloud_firestore] AndroidManifest.xml:8:9-12:19
87            android:name="com.google.firebase.components.ComponentDiscoveryService"
87-->[:cloud_firestore] AndroidManifest.xml:8:18-89
88            android:directBootAware="true"
88-->[com.google.firebase:firebase-common:21.0.0] AndroidManifest.xml:32:13-43
89            android:exported="false" >
89-->[com.google.firebase:firebase-firestore:25.1.1] AndroidManifest.xml:16:13-37
90            <meta-data
90-->[:cloud_firestore] AndroidManifest.xml:9:13-11:85
91                android:name="com.google.firebase.components:io.flutter.plugins.firebase.firestore.FlutterFirebaseFirestoreRegistrar"
91-->[:cloud_firestore] AndroidManifest.xml:10:17-134
92                android:value="com.google.firebase.components.ComponentRegistrar" />
92-->[:cloud_firestore] AndroidManifest.xml:11:17-82
93            <meta-data
93-->[:firebase_auth] AndroidManifest.xml:9:13-11:85
94                android:name="com.google.firebase.components:io.flutter.plugins.firebase.auth.FlutterFirebaseAuthRegistrar"
94-->[:firebase_auth] AndroidManifest.xml:10:17-124
95                android:value="com.google.firebase.components.ComponentRegistrar" />
95-->[:firebase_auth] AndroidManifest.xml:11:17-82
96            <meta-data
96-->[:firebase_database] AndroidManifest.xml:9:13-11:85
97                android:name="com.google.firebase.components:io.flutter.plugins.firebase.database.FlutterFirebaseAppRegistrar"
97-->[:firebase_database] AndroidManifest.xml:10:17-127
98                android:value="com.google.firebase.components.ComponentRegistrar" />
98-->[:firebase_database] AndroidManifest.xml:11:17-82
99            <meta-data
99-->[:firebase_messaging] AndroidManifest.xml:36:13-38:85
100                android:name="com.google.firebase.components:io.flutter.plugins.firebase.messaging.FlutterFirebaseAppRegistrar"
100-->[:firebase_messaging] AndroidManifest.xml:37:17-128
101                android:value="com.google.firebase.components.ComponentRegistrar" />
101-->[:firebase_messaging] AndroidManifest.xml:38:17-82
102            <meta-data
102-->[:firebase_storage] AndroidManifest.xml:9:13-11:85
103                android:name="com.google.firebase.components:io.flutter.plugins.firebase.storage.FlutterFirebaseAppRegistrar"
103-->[:firebase_storage] AndroidManifest.xml:10:17-126
104                android:value="com.google.firebase.components.ComponentRegistrar" />
104-->[:firebase_storage] AndroidManifest.xml:11:17-82
105            <meta-data
105-->[:firebase_core] AndroidManifest.xml:9:13-11:85
106                android:name="com.google.firebase.components:io.flutter.plugins.firebase.core.FlutterFirebaseCoreRegistrar"
106-->[:firebase_core] AndroidManifest.xml:10:17-124
107                android:value="com.google.firebase.components.ComponentRegistrar" />
107-->[:firebase_core] AndroidManifest.xml:11:17-82
108            <meta-data
108-->[com.google.firebase:firebase-firestore:25.1.1] AndroidManifest.xml:17:13-19:85
109                android:name="com.google.firebase.components:com.google.firebase.firestore.FirebaseFirestoreKtxRegistrar"
109-->[com.google.firebase:firebase-firestore:25.1.1] AndroidManifest.xml:18:17-122
110                android:value="com.google.firebase.components.ComponentRegistrar" />
110-->[com.google.firebase:firebase-firestore:25.1.1] AndroidManifest.xml:19:17-82
111            <meta-data
111-->[com.google.firebase:firebase-firestore:25.1.1] AndroidManifest.xml:20:13-22:85
112                android:name="com.google.firebase.components:com.google.firebase.firestore.FirestoreRegistrar"
112-->[com.google.firebase:firebase-firestore:25.1.1] AndroidManifest.xml:21:17-111
113                android:value="com.google.firebase.components.ComponentRegistrar" />
113-->[com.google.firebase:firebase-firestore:25.1.1] AndroidManifest.xml:22:17-82
114            <meta-data
114-->[com.google.firebase:firebase-auth:23.1.0] AndroidManifest.xml:69:13-71:85
115                android:name="com.google.firebase.components:com.google.firebase.auth.FirebaseAuthRegistrar"
115-->[com.google.firebase:firebase-auth:23.1.0] AndroidManifest.xml:70:17-109
116                android:value="com.google.firebase.components.ComponentRegistrar" />
116-->[com.google.firebase:firebase-auth:23.1.0] AndroidManifest.xml:71:17-82
117            <meta-data
117-->[com.google.firebase:firebase-database:21.0.0] AndroidManifest.xml:29:13-31:85
118                android:name="com.google.firebase.components:com.google.firebase.database.FirebaseDatabaseKtxRegistrar"
118-->[com.google.firebase:firebase-database:21.0.0] AndroidManifest.xml:30:17-120
119                android:value="com.google.firebase.components.ComponentRegistrar" />
119-->[com.google.firebase:firebase-database:21.0.0] AndroidManifest.xml:31:17-82
120            <meta-data
120-->[com.google.firebase:firebase-database:21.0.0] AndroidManifest.xml:32:13-34:85
121                android:name="com.google.firebase.components:com.google.firebase.database.DatabaseRegistrar"
121-->[com.google.firebase:firebase-database:21.0.0] AndroidManifest.xml:33:17-109
122                android:value="com.google.firebase.components.ComponentRegistrar" />
122-->[com.google.firebase:firebase-database:21.0.0] AndroidManifest.xml:34:17-82
123            <meta-data
123-->[com.google.firebase:firebase-messaging:24.1.0] AndroidManifest.xml:57:13-59:85
124                android:name="com.google.firebase.components:com.google.firebase.messaging.FirebaseMessagingKtxRegistrar"
124-->[com.google.firebase:firebase-messaging:24.1.0] AndroidManifest.xml:58:17-122
125                android:value="com.google.firebase.components.ComponentRegistrar" />
125-->[com.google.firebase:firebase-messaging:24.1.0] AndroidManifest.xml:59:17-82
126            <meta-data
126-->[com.google.firebase:firebase-messaging:24.1.0] AndroidManifest.xml:60:13-62:85
127                android:name="com.google.firebase.components:com.google.firebase.messaging.FirebaseMessagingRegistrar"
127-->[com.google.firebase:firebase-messaging:24.1.0] AndroidManifest.xml:61:17-119
128                android:value="com.google.firebase.components.ComponentRegistrar" />
128-->[com.google.firebase:firebase-messaging:24.1.0] AndroidManifest.xml:62:17-82
129            <meta-data
129-->[com.google.firebase:firebase-storage:21.0.1] AndroidManifest.xml:30:13-32:85
130                android:name="com.google.firebase.components:com.google.firebase.storage.FirebaseStorageKtxRegistrar"
130-->[com.google.firebase:firebase-storage:21.0.1] AndroidManifest.xml:31:17-118
131                android:value="com.google.firebase.components.ComponentRegistrar" />
131-->[com.google.firebase:firebase-storage:21.0.1] AndroidManifest.xml:32:17-82
132            <meta-data
132-->[com.google.firebase:firebase-storage:21.0.1] AndroidManifest.xml:33:13-35:85
133                android:name="com.google.firebase.components:com.google.firebase.storage.StorageRegistrar"
133-->[com.google.firebase:firebase-storage:21.0.1] AndroidManifest.xml:34:17-107
134                android:value="com.google.firebase.components.ComponentRegistrar" />
134-->[com.google.firebase:firebase-storage:21.0.1] AndroidManifest.xml:35:17-82
135            <meta-data
135-->[com.google.android.gms:play-services-measurement-api:22.2.0] AndroidManifest.xml:33:13-35:85
136                android:name="com.google.firebase.components:com.google.firebase.analytics.connector.internal.AnalyticsConnectorRegistrar"
136-->[com.google.android.gms:play-services-measurement-api:22.2.0] AndroidManifest.xml:34:17-139
137                android:value="com.google.firebase.components.ComponentRegistrar" />
137-->[com.google.android.gms:play-services-measurement-api:22.2.0] AndroidManifest.xml:35:17-82
138            <meta-data
138-->[com.google.firebase:firebase-installations:18.0.0] AndroidManifest.xml:15:13-17:85
139                android:name="com.google.firebase.components:com.google.firebase.installations.FirebaseInstallationsKtxRegistrar"
139-->[com.google.firebase:firebase-installations:18.0.0] AndroidManifest.xml:16:17-130
140                android:value="com.google.firebase.components.ComponentRegistrar" />
140-->[com.google.firebase:firebase-installations:18.0.0] AndroidManifest.xml:17:17-82
141            <meta-data
141-->[com.google.firebase:firebase-installations:18.0.0] AndroidManifest.xml:18:13-20:85
142                android:name="com.google.firebase.components:com.google.firebase.installations.FirebaseInstallationsRegistrar"
142-->[com.google.firebase:firebase-installations:18.0.0] AndroidManifest.xml:19:17-127
143                android:value="com.google.firebase.components.ComponentRegistrar" />
143-->[com.google.firebase:firebase-installations:18.0.0] AndroidManifest.xml:20:17-82
144            <meta-data
144-->[com.google.firebase:firebase-appcheck:18.0.0] AndroidManifest.xml:25:13-27:85
145                android:name="com.google.firebase.components:com.google.firebase.appcheck.FirebaseAppCheckKtxRegistrar"
145-->[com.google.firebase:firebase-appcheck:18.0.0] AndroidManifest.xml:26:17-120
146                android:value="com.google.firebase.components.ComponentRegistrar" />
146-->[com.google.firebase:firebase-appcheck:18.0.0] AndroidManifest.xml:27:17-82
147            <meta-data
147-->[com.google.firebase:firebase-appcheck:18.0.0] AndroidManifest.xml:28:13-30:85
148                android:name="com.google.firebase.components:com.google.firebase.appcheck.FirebaseAppCheckRegistrar"
148-->[com.google.firebase:firebase-appcheck:18.0.0] AndroidManifest.xml:29:17-117
149                android:value="com.google.firebase.components.ComponentRegistrar" />
149-->[com.google.firebase:firebase-appcheck:18.0.0] AndroidManifest.xml:30:17-82
150            <meta-data
150-->[com.google.firebase:firebase-common-ktx:21.0.0] AndroidManifest.xml:12:13-14:85
151                android:name="com.google.firebase.components:com.google.firebase.ktx.FirebaseCommonLegacyRegistrar"
151-->[com.google.firebase:firebase-common-ktx:21.0.0] AndroidManifest.xml:13:17-116
152                android:value="com.google.firebase.components.ComponentRegistrar" />
152-->[com.google.firebase:firebase-common-ktx:21.0.0] AndroidManifest.xml:14:17-82
153            <meta-data
153-->[com.google.firebase:firebase-common:21.0.0] AndroidManifest.xml:35:13-37:85
154                android:name="com.google.firebase.components:com.google.firebase.FirebaseCommonKtxRegistrar"
154-->[com.google.firebase:firebase-common:21.0.0] AndroidManifest.xml:36:17-109
155                android:value="com.google.firebase.components.ComponentRegistrar" />
155-->[com.google.firebase:firebase-common:21.0.0] AndroidManifest.xml:37:17-82
156            <meta-data
156-->[com.google.firebase:firebase-datatransport:18.2.0] AndroidManifest.xml:25:13-27:85
157                android:name="com.google.firebase.components:com.google.firebase.datatransport.TransportRegistrar"
157-->[com.google.firebase:firebase-datatransport:18.2.0] AndroidManifest.xml:26:17-115
158                android:value="com.google.firebase.components.ComponentRegistrar" />
158-->[com.google.firebase:firebase-datatransport:18.2.0] AndroidManifest.xml:27:17-82
159        </service>
160        <service
160-->[:firebase_messaging] AndroidManifest.xml:14:9-17:72
161            android:name="io.flutter.plugins.firebase.messaging.FlutterFirebaseMessagingBackgroundService"
161-->[:firebase_messaging] AndroidManifest.xml:15:13-107
162            android:exported="false"
162-->[:firebase_messaging] AndroidManifest.xml:16:13-37
163            android:permission="android.permission.BIND_JOB_SERVICE" />
163-->[:firebase_messaging] AndroidManifest.xml:17:13-69
164        <service
164-->[:firebase_messaging] AndroidManifest.xml:18:9-24:19
165            android:name="io.flutter.plugins.firebase.messaging.FlutterFirebaseMessagingService"
165-->[:firebase_messaging] AndroidManifest.xml:19:13-97
166            android:exported="false" >
166-->[:firebase_messaging] AndroidManifest.xml:20:13-37
167            <intent-filter>
167-->[:firebase_messaging] AndroidManifest.xml:21:13-23:29
168                <action android:name="com.google.firebase.MESSAGING_EVENT" />
168-->[:firebase_messaging] AndroidManifest.xml:22:17-78
168-->[:firebase_messaging] AndroidManifest.xml:22:25-75
169            </intent-filter>
170        </service>
171
172        <receiver
172-->[:firebase_messaging] AndroidManifest.xml:26:9-33:20
173            android:name="io.flutter.plugins.firebase.messaging.FlutterFirebaseMessagingReceiver"
173-->[:firebase_messaging] AndroidManifest.xml:27:13-98
174            android:exported="true"
174-->[:firebase_messaging] AndroidManifest.xml:28:13-36
175            android:permission="com.google.android.c2dm.permission.SEND" >
175-->[:firebase_messaging] AndroidManifest.xml:29:13-73
176            <intent-filter>
176-->[:firebase_messaging] AndroidManifest.xml:30:13-32:29
177                <action android:name="com.google.android.c2dm.intent.RECEIVE" />
177-->[:firebase_messaging] AndroidManifest.xml:31:17-81
177-->[:firebase_messaging] AndroidManifest.xml:31:25-78
178            </intent-filter>
179        </receiver>
180
181        <provider
181-->[:firebase_messaging] AndroidManifest.xml:41:9-45:38
182            android:name="io.flutter.plugins.firebase.messaging.FlutterFirebaseMessagingInitProvider"
182-->[:firebase_messaging] AndroidManifest.xml:42:13-102
183            android:authorities="com.example.alert_system.flutterfirebasemessaginginitprovider"
183-->[:firebase_messaging] AndroidManifest.xml:43:13-88
184            android:exported="false"
184-->[:firebase_messaging] AndroidManifest.xml:44:13-37
185            android:initOrder="99" />
185-->[:firebase_messaging] AndroidManifest.xml:45:13-35
186        <provider
186-->[:image_picker_android] AndroidManifest.xml:9:9-17:20
187            android:name="io.flutter.plugins.imagepicker.ImagePickerFileProvider"
187-->[:image_picker_android] AndroidManifest.xml:10:13-82
188            android:authorities="com.example.alert_system.flutter.image_provider"
188-->[:image_picker_android] AndroidManifest.xml:11:13-74
189            android:exported="false"
189-->[:image_picker_android] AndroidManifest.xml:12:13-37
190            android:grantUriPermissions="true" >
190-->[:image_picker_android] AndroidManifest.xml:13:13-47
191            <meta-data
191-->[:image_picker_android] AndroidManifest.xml:14:13-16:75
192                android:name="android.support.FILE_PROVIDER_PATHS"
192-->[:image_picker_android] AndroidManifest.xml:15:17-67
193                android:resource="@xml/flutter_image_picker_file_paths" />
193-->[:image_picker_android] AndroidManifest.xml:16:17-72
194        </provider> <!-- Trigger Google Play services to install the backported photo picker module. -->
195        <service
195-->[:image_picker_android] AndroidManifest.xml:19:9-31:19
196            android:name="com.google.android.gms.metadata.ModuleDependencies"
196-->[:image_picker_android] AndroidManifest.xml:20:13-78
197            android:enabled="false"
197-->[:image_picker_android] AndroidManifest.xml:21:13-36
198            android:exported="false" >
198-->[:image_picker_android] AndroidManifest.xml:22:13-37
199            <intent-filter>
199-->[:image_picker_android] AndroidManifest.xml:24:13-26:29
200                <action android:name="com.google.android.gms.metadata.MODULE_DEPENDENCIES" />
200-->[:image_picker_android] AndroidManifest.xml:25:17-94
200-->[:image_picker_android] AndroidManifest.xml:25:25-91
201            </intent-filter>
202
203            <meta-data
203-->[:image_picker_android] AndroidManifest.xml:28:13-30:36
204                android:name="photopicker_activity:0:required"
204-->[:image_picker_android] AndroidManifest.xml:29:17-63
205                android:value="" />
205-->[:image_picker_android] AndroidManifest.xml:30:17-33
206        </service>
207        <service
207-->[:geolocator_android] AndroidManifest.xml:8:9-12:56
208            android:name="com.baseflow.geolocator.GeolocatorLocationService"
208-->[:geolocator_android] AndroidManifest.xml:9:13-77
209            android:enabled="true"
209-->[:geolocator_android] AndroidManifest.xml:10:13-35
210            android:exported="false"
210-->[:geolocator_android] AndroidManifest.xml:11:13-37
211            android:foregroundServiceType="location" />
211-->[:geolocator_android] AndroidManifest.xml:12:13-53
212
213        <activity
213-->[:url_launcher_android] AndroidManifest.xml:8:9-11:74
214            android:name="io.flutter.plugins.urllauncher.WebViewActivity"
214-->[:url_launcher_android] AndroidManifest.xml:9:13-74
215            android:exported="false"
215-->[:url_launcher_android] AndroidManifest.xml:10:13-37
216            android:theme="@android:style/Theme.NoTitleBar.Fullscreen" />
216-->[:url_launcher_android] AndroidManifest.xml:11:13-71
217        <activity
217-->[com.google.firebase:firebase-auth:23.1.0] AndroidManifest.xml:29:9-46:20
218            android:name="com.google.firebase.auth.internal.GenericIdpActivity"
218-->[com.google.firebase:firebase-auth:23.1.0] AndroidManifest.xml:30:13-80
219            android:excludeFromRecents="true"
219-->[com.google.firebase:firebase-auth:23.1.0] AndroidManifest.xml:31:13-46
220            android:exported="true"
220-->[com.google.firebase:firebase-auth:23.1.0] AndroidManifest.xml:32:13-36
221            android:launchMode="singleTask"
221-->[com.google.firebase:firebase-auth:23.1.0] AndroidManifest.xml:33:13-44
222            android:theme="@android:style/Theme.Translucent.NoTitleBar" >
222-->[com.google.firebase:firebase-auth:23.1.0] AndroidManifest.xml:34:13-72
223            <intent-filter>
223-->[com.google.firebase:firebase-auth:23.1.0] AndroidManifest.xml:35:13-45:29
224                <action android:name="android.intent.action.VIEW" />
224-->[com.google.firebase:firebase-auth:23.1.0] AndroidManifest.xml:36:17-69
224-->[com.google.firebase:firebase-auth:23.1.0] AndroidManifest.xml:36:25-66
225
226                <category android:name="android.intent.category.DEFAULT" />
226-->[com.google.firebase:firebase-auth:23.1.0] AndroidManifest.xml:38:17-76
226-->[com.google.firebase:firebase-auth:23.1.0] AndroidManifest.xml:38:27-73
227                <category android:name="android.intent.category.BROWSABLE" />
227-->[com.google.firebase:firebase-auth:23.1.0] AndroidManifest.xml:39:17-78
227-->[com.google.firebase:firebase-auth:23.1.0] AndroidManifest.xml:39:27-75
228
229                <data
229-->src\main\AndroidManifest.xml:47:9-46
230                    android:host="firebase.auth"
231                    android:path="/"
232                    android:scheme="genericidp" />
233            </intent-filter>
234        </activity>
235        <activity
235-->[com.google.firebase:firebase-auth:23.1.0] AndroidManifest.xml:47:9-64:20
236            android:name="com.google.firebase.auth.internal.RecaptchaActivity"
236-->[com.google.firebase:firebase-auth:23.1.0] AndroidManifest.xml:48:13-79
237            android:excludeFromRecents="true"
237-->[com.google.firebase:firebase-auth:23.1.0] AndroidManifest.xml:49:13-46
238            android:exported="true"
238-->[com.google.firebase:firebase-auth:23.1.0] AndroidManifest.xml:50:13-36
239            android:launchMode="singleTask"
239-->[com.google.firebase:firebase-auth:23.1.0] AndroidManifest.xml:51:13-44
240            android:theme="@android:style/Theme.Translucent.NoTitleBar" >
240-->[com.google.firebase:firebase-auth:23.1.0] AndroidManifest.xml:52:13-72
241            <intent-filter>
241-->[com.google.firebase:firebase-auth:23.1.0] AndroidManifest.xml:53:13-63:29
242                <action android:name="android.intent.action.VIEW" />
242-->[com.google.firebase:firebase-auth:23.1.0] AndroidManifest.xml:36:17-69
242-->[com.google.firebase:firebase-auth:23.1.0] AndroidManifest.xml:36:25-66
243
244                <category android:name="android.intent.category.DEFAULT" />
244-->[com.google.firebase:firebase-auth:23.1.0] AndroidManifest.xml:38:17-76
244-->[com.google.firebase:firebase-auth:23.1.0] AndroidManifest.xml:38:27-73
245                <category android:name="android.intent.category.BROWSABLE" />
245-->[com.google.firebase:firebase-auth:23.1.0] AndroidManifest.xml:39:17-78
245-->[com.google.firebase:firebase-auth:23.1.0] AndroidManifest.xml:39:27-75
246
247                <data
247-->src\main\AndroidManifest.xml:47:9-46
248                    android:host="firebase.auth"
249                    android:path="/"
250                    android:scheme="recaptcha" />
251            </intent-filter>
252        </activity>
253
254        <receiver
254-->[com.google.firebase:firebase-messaging:24.1.0] AndroidManifest.xml:29:9-40:20
255            android:name="com.google.firebase.iid.FirebaseInstanceIdReceiver"
255-->[com.google.firebase:firebase-messaging:24.1.0] AndroidManifest.xml:30:13-78
256            android:exported="true"
256-->[com.google.firebase:firebase-messaging:24.1.0] AndroidManifest.xml:31:13-36
257            android:permission="com.google.android.c2dm.permission.SEND" >
257-->[com.google.firebase:firebase-messaging:24.1.0] AndroidManifest.xml:32:13-73
258            <intent-filter>
258-->[:firebase_messaging] AndroidManifest.xml:30:13-32:29
259                <action android:name="com.google.android.c2dm.intent.RECEIVE" />
259-->[:firebase_messaging] AndroidManifest.xml:31:17-81
259-->[:firebase_messaging] AndroidManifest.xml:31:25-78
260            </intent-filter>
261
262            <meta-data
262-->[com.google.firebase:firebase-messaging:24.1.0] AndroidManifest.xml:37:13-39:40
263                android:name="com.google.android.gms.cloudmessaging.FINISHED_AFTER_HANDLED"
263-->[com.google.firebase:firebase-messaging:24.1.0] AndroidManifest.xml:38:17-92
264                android:value="true" />
264-->[com.google.firebase:firebase-messaging:24.1.0] AndroidManifest.xml:39:17-37
265        </receiver>
266        <!--
267             FirebaseMessagingService performs security checks at runtime,